        -:    0:Source:C:/Alex Zdroba/c++ proj/sda_lab01/lab01p/TestScurt.cpp
        -:    0:Graph:C:\Alex Zdroba\c++ proj\sda_lab01\lab01p\cmake-build-debug-coverage\CMakeFiles\lab01p.dir\TestScurt.cpp.gcno
        -:    0:Data:C:\Alex Zdroba\c++ proj\sda_lab01\lab01p\cmake-build-debug-coverage\CMakeFiles\lab01p.dir\TestScurt.cpp.gcda
        -:    0:Runs:1
        -:    1:#include "TestScurt.h"
        -:    2:#include <assert.h>
        -:    3:#include "VectorDinamic.h"
        -:    4:#include "IteratorVectorDinamic.h"
        -:    5:#include <iostream>
        -:    6:
        -:    7:using namespace std;
        -:    8:
function _Z7testAllv called 0 returned 0% blocks executed 0%
    #####:    9:void testAll() { //apelam fiecare functie sa vedem daca exista
    #####:   10:	VectorDinamic v(4);
    %%%%%:   10-block  0
call    0 never executed
branch  1 never executed (fallthrough)
branch  2 never executed (throw)
    #####:   11:	assert(v.dim() == 0); //adaug niste elemente
    %%%%%:   11-block  0
call    0 never executed
branch  1 never executed (fallthrough)
branch  2 never executed (throw)
    %%%%%:   11-block  1
branch  3 never executed (fallthrough)
branch  4 never executed
    %%%%%:   11-block  2
call    5 never executed
    %%%%%:   11-block  3
    #####:   12:	v.adaugaSfarsit(5);
    %%%%%:   12-block  0
call    0 never executed
branch  1 never executed (fallthrough)
branch  2 never executed (throw)
    #####:   13:	v.adauga(1,1);
    %%%%%:   13-block  0
call    0 never executed
branch  1 never executed (fallthrough)
branch  2 never executed (throw)
    #####:   14:	v.adauga(0,10);
    %%%%%:   14-block  0
call    0 never executed
branch  1 never executed (fallthrough)
branch  2 never executed (throw)
    #####:   15:	v.adauga(1,7);
    %%%%%:   15-block  0
call    0 never executed
branch  1 never executed (fallthrough)
branch  2 never executed (throw)
    #####:   16:	v.adauga(1,1);
    %%%%%:   16-block  0
call    0 never executed
branch  1 never executed (fallthrough)
branch  2 never executed (throw)
    #####:   17:	v.adauga(1,11);
    %%%%%:   17-block  0
call    0 never executed
branch  1 never executed (fallthrough)
branch  2 never executed (throw)
    #####:   18:	v.adauga(1,-3);
    %%%%%:   18-block  0
call    0 never executed
branch  1 never executed (fallthrough)
branch  2 never executed (throw)
    #####:   19:	assert(v.dim() == 7);
    %%%%%:   19-block  0
call    0 never executed
branch  1 never executed (fallthrough)
branch  2 never executed (throw)
    %%%%%:   19-block  1
branch  3 never executed (fallthrough)
branch  4 never executed
    %%%%%:   19-block  2
call    5 never executed
    %%%%%:   19-block  3
    #####:   20:	assert(v.sterge(1) == -3);
    %%%%%:   20-block  0
call    0 never executed
branch  1 never executed (fallthrough)
branch  2 never executed (throw)
    %%%%%:   20-block  1
branch  3 never executed (fallthrough)
branch  4 never executed
    %%%%%:   20-block  2
call    5 never executed
    %%%%%:   20-block  3
    #####:   21:	assert(v.sterge(4) == 5);
    %%%%%:   21-block  0
call    0 never executed
branch  1 never executed (fallthrough)
branch  2 never executed (throw)
    %%%%%:   21-block  1
branch  3 never executed (fallthrough)
branch  4 never executed
    %%%%%:   21-block  2
call    5 never executed
    %%%%%:   21-block  3
    #####:   22:	assert(v.dim() == 5);
    %%%%%:   22-block  0
call    0 never executed
branch  1 never executed (fallthrough)
branch  2 never executed (throw)
    %%%%%:   22-block  1
branch  3 never executed (fallthrough)
branch  4 never executed
    %%%%%:   22-block  2
call    5 never executed
    %%%%%:   22-block  3
    #####:   23:	assert(v.modifica(0,7) == 10);
    %%%%%:   23-block  0
call    0 never executed
branch  1 never executed (fallthrough)
branch  2 never executed (throw)
    %%%%%:   23-block  1
branch  3 never executed (fallthrough)
branch  4 never executed
    %%%%%:   23-block  2
call    5 never executed
    %%%%%:   23-block  3
    #####:   24:	assert(v.dim() == 5);
    %%%%%:   24-block  0
call    0 never executed
branch  1 never executed (fallthrough)
branch  2 never executed (throw)
    %%%%%:   24-block  1
branch  3 never executed (fallthrough)
branch  4 never executed
    %%%%%:   24-block  2
call    5 never executed
    %%%%%:   24-block  3
    #####:   25:	IteratorVectorDinamic iv = v.iterator();
    %%%%%:   25-block  0
call    0 never executed
branch  1 never executed (fallthrough)
branch  2 never executed (throw)
    #####:   26:    	int vals[]={7,11,1,7,1};
    #####:   27:	iv.prim();
    %%%%%:   27-block  0
call    0 never executed
branch  1 never executed (fallthrough)
branch  2 never executed (throw)
    #####:   28:	int k=0;
    #####:   29:	while (iv.valid()) {
    %%%%%:   29-block  0
    %%%%%:   29-block  1
call    0 never executed
branch  1 never executed (fallthrough)
branch  2 never executed (throw)
    %%%%%:   29-block  2
branch  3 never executed
branch  4 never executed (fallthrough)
    #####:   30:		TElem e = iv.element();
    %%%%%:   30-block  0
call    0 never executed
branch  1 never executed (fallthrough)
branch  2 never executed (throw)
    #####:   31:        assert(e==vals[k++]);
    %%%%%:   31-block  0
branch  0 never executed (fallthrough)
branch  1 never executed
    %%%%%:   31-block  1
call    2 never executed
    %%%%%:   31-block  2
    #####:   32:		iv.urmator();
    %%%%%:   32-block  0
call    0 never executed
branch  1 never executed (fallthrough)
branch  2 never executed (throw)
        -:   33:	}
    #####:   34:}
    %%%%%:   34-block  0
call    0 never executed
    $$$$$:   34-block  1
call    1 never executed
